app/build/intermediates/manifest_merge_blame_file/release/processReleaseMainManifest/manifest-merger-blame-release-report.txt
1<?xml version="1.0" encoding="utf-8"?>
2<manifest xmlns:android="http://schemas.android.com/apk/res/android"
3    package="com.coooldoggy.catasmr"
4    android:versionCode="1"
5    android:versionName="1.0" >
6
7    <uses-sdk
8        android:minSdkVersion="26"
9        android:targetSdkVersion="35" />
10
11    <uses-permission android:name="android.permission.CAMERA" />
11-->src/main/AndroidManifest.xml:5:5-65
11-->src/main/AndroidManifest.xml:5:22-62
12    <uses-permission android:name="android.permission.RECORD_AUDIO" />
12-->src/main/AndroidManifest.xml:6:5-71
12-->src/main/AndroidManifest.xml:6:22-68
13    <uses-permission android:name="android.permission.INTERNET" />
13-->src/main/AndroidManifest.xml:7:5-67
13-->src/main/AndroidManifest.xml:7:22-64
14    <uses-permission android:name="android.permission.ACCESS_NETWORK_STATE" />
14-->src/main/AndroidManifest.xml:8:5-79
14-->src/main/AndroidManifest.xml:8:22-76
15    <uses-permission android:name="android.permission.POST_NOTIFICATIONS" />
15-->src/main/AndroidManifest.xml:9:5-77
15-->src/main/AndroidManifest.xml:9:22-74
16    <uses-permission android:name="android.permission.FOREGROUND_SERVICE" />
16-->src/main/AndroidManifest.xml:10:5-77
16-->src/main/AndroidManifest.xml:10:22-74
17    <uses-permission android:name="android.permission.FOREGROUND_SERVICE_CAMERA" />
17-->src/main/AndroidManifest.xml:11:5-84
17-->src/main/AndroidManifest.xml:11:22-81
18    <uses-permission android:name="android.permission.FOREGROUND_SERVICE_MICROPHONE" />
18-->src/main/AndroidManifest.xml:12:5-88
18-->src/main/AndroidManifest.xml:12:22-85
19    <uses-permission android:name="android.permission.RECEIVE_BOOT_COMPLETED" />
19-->src/main/AndroidManifest.xml:13:5-81
19-->src/main/AndroidManifest.xml:13:22-78
20    <uses-permission android:name="android.permission.SCHEDULE_EXACT_ALARM" />
20-->src/main/AndroidManifest.xml:14:5-79
20-->src/main/AndroidManifest.xml:14:22-76
21    <uses-permission android:name="android.permission.REQUEST_IGNORE_BATTERY_OPTIMIZATIONS" />
21-->src/main/AndroidManifest.xml:15:5-95
21-->src/main/AndroidManifest.xml:15:22-92
22    <uses-permission
22-->src/main/AndroidManifest.xml:16:5-18:38
23        android:name="android.permission.WRITE_EXTERNAL_STORAGE"
23-->src/main/AndroidManifest.xml:17:9-65
24        android:maxSdkVersion="28" />
24-->src/main/AndroidManifest.xml:18:9-35
25
26    <uses-feature
26-->src/main/AndroidManifest.xml:20:5-84
27        android:name="android.hardware.camera"
27-->src/main/AndroidManifest.xml:20:19-57
28        android:required="true" />
28-->src/main/AndroidManifest.xml:20:58-81
29    <uses-feature
29-->src/main/AndroidManifest.xml:21:5-95
30        android:name="android.hardware.camera.autofocus"
30-->src/main/AndroidManifest.xml:21:19-67
31        android:required="false" />
31-->src/main/AndroidManifest.xml:21:68-92
32
33    <uses-permission android:name="android.permission.WAKE_LOCK" />
33-->[androidx.work:work-runtime:2.10.0] AndroidManifest.xml:23:5-68
33-->[androidx.work:work-runtime:2.10.0] AndroidManifest.xml:23:22-65
34
35    <permission
35-->[androidx.core:core:1.15.0] AndroidManifest.xml:22:5-24:47
36        android:name="com.coooldoggy.catasmr.DYNAMIC_RECEIVER_NOT_EXPORTED_PERMISSION"
36-->[androidx.core:core:1.15.0] AndroidManifest.xml:23:9-81
37        android:protectionLevel="signature" />
37-->[androidx.core:core:1.15.0] AndroidManifest.xml:24:9-44
38
39    <uses-permission android:name="com.coooldoggy.catasmr.DYNAMIC_RECEIVER_NOT_EXPORTED_PERMISSION" />
39-->[androidx.core:core:1.15.0] AndroidManifest.xml:26:5-97
39-->[androidx.core:core:1.15.0] AndroidManifest.xml:26:22-94
40
41    <application
41-->src/main/AndroidManifest.xml:23:5-62:19
42        android:name="com.coooldoggy.catasmr.CatAsmrApp"
42-->src/main/AndroidManifest.xml:24:9-35
43        android:allowBackup="true"
43-->src/main/AndroidManifest.xml:25:9-35
44        android:appComponentFactory="androidx.core.app.CoreComponentFactory"
44-->[androidx.core:core:1.15.0] AndroidManifest.xml:28:18-86
45        android:dataExtractionRules="@xml/data_extraction_rules"
45-->src/main/AndroidManifest.xml:26:9-65
46        android:extractNativeLibs="false"
47        android:fullBackupContent="@xml/backup_rules"
47-->src/main/AndroidManifest.xml:27:9-54
48        android:icon="@mipmap/ic_launcher"
48-->src/main/AndroidManifest.xml:28:9-43
49        android:label="@string/app_name"
49-->src/main/AndroidManifest.xml:29:9-41
50        android:roundIcon="@mipmap/ic_launcher_round"
50-->src/main/AndroidManifest.xml:30:9-54
51        android:supportsRtl="true"
51-->src/main/AndroidManifest.xml:31:9-35
52        android:theme="@style/Theme.CatAsmr" >
52-->src/main/AndroidManifest.xml:32:9-45
53        <activity
53-->src/main/AndroidManifest.xml:34:9-44:20
54            android:name="com.coooldoggy.catasmr.MainActivity"
54-->src/main/AndroidManifest.xml:35:13-41
55            android:exported="true"
55-->src/main/AndroidManifest.xml:36:13-36
56            android:label="@string/app_name"
56-->src/main/AndroidManifest.xml:37:13-45
57            android:theme="@style/Theme.CatAsmr" >
57-->src/main/AndroidManifest.xml:38:13-49
58            <intent-filter>
58-->src/main/AndroidManifest.xml:39:13-43:29
59                <action android:name="android.intent.action.MAIN" />
59-->src/main/AndroidManifest.xml:40:17-69
59-->src/main/AndroidManifest.xml:40:25-66
60
61                <category android:name="android.intent.category.LAUNCHER" />
61-->src/main/AndroidManifest.xml:42:17-77
61-->src/main/AndroidManifest.xml:42:27-74
62            </intent-filter>
63        </activity>
64
65        <service
65-->src/main/AndroidManifest.xml:46:9-49:65
66            android:name="com.coooldoggy.catasmr.recording.RecordingService"
66-->src/main/AndroidManifest.xml:47:13-55
67            android:exported="false"
67-->src/main/AndroidManifest.xml:48:13-37
68            android:foregroundServiceType="camera|microphone" />
68-->src/main/AndroidManifest.xml:49:13-62
69
70        <receiver
70-->src/main/AndroidManifest.xml:51:9-53:40
71            android:name="com.coooldoggy.catasmr.schedule.WindowAlarmReceiver"
71-->src/main/AndroidManifest.xml:52:13-57
72            android:exported="false" />
72-->src/main/AndroidManifest.xml:53:13-37
73        <receiver
73-->src/main/AndroidManifest.xml:55:9-61:20
74            android:name="com.coooldoggy.catasmr.schedule.BootCompletedReceiver"
74-->src/main/AndroidManifest.xml:56:13-59
75            android:exported="true" >
75-->src/main/AndroidManifest.xml:57:13-36
76            <intent-filter>
76-->src/main/AndroidManifest.xml:58:13-60:29
77                <action android:name="android.intent.action.BOOT_COMPLETED" />
77-->src/main/AndroidManifest.xml:59:17-79
77-->src/main/AndroidManifest.xml:59:25-76
78            </intent-filter>
79        </receiver>
80
81        <activity
81-->[com.google.android.gms:play-services-auth:21.2.0] AndroidManifest.xml:23:9-27:75
82            android:name="com.google.android.gms.auth.api.signin.internal.SignInHubActivity"
82-->[com.google.android.gms:play-services-auth:21.2.0] AndroidManifest.xml:24:13-93
83            android:excludeFromRecents="true"
83-->[com.google.android.gms:play-services-auth:21.2.0] AndroidManifest.xml:25:13-46
84            android:exported="false"
84-->[com.google.android.gms:play-services-auth:21.2.0] AndroidManifest.xml:26:13-37
85            android:theme="@android:style/Theme.Translucent.NoTitleBar" />
85-->[com.google.android.gms:play-services-auth:21.2.0] AndroidManifest.xml:27:13-72
86        <!--
87            Service handling Google Sign-In user revocation. For apps that do not integrate with
88            Google Sign-In, this service will never be started.
89        -->
90        <service
90-->[com.google.android.gms:play-services-auth:21.2.0] AndroidManifest.xml:33:9-37:51
91            android:name="com.google.android.gms.auth.api.signin.RevocationBoundService"
91-->[com.google.android.gms:play-services-auth:21.2.0] AndroidManifest.xml:34:13-89
92            android:exported="true"
92-->[com.google.android.gms:play-services-auth:21.2.0] AndroidManifest.xml:35:13-36
93            android:permission="com.google.android.gms.auth.api.signin.permission.REVOCATION_NOTIFICATION"
93-->[com.google.android.gms:play-services-auth:21.2.0] AndroidManifest.xml:36:13-107
94            android:visibleToInstantApps="true" />
94-->[com.google.android.gms:play-services-auth:21.2.0] AndroidManifest.xml:37:13-48
95        <service
95-->[com.google.mlkit:image-labeling:17.0.9] AndroidManifest.xml:8:9-14:19
96            android:name="com.google.mlkit.common.internal.MlKitComponentDiscoveryService"
96-->[com.google.mlkit:image-labeling:17.0.9] AndroidManifest.xml:9:13-91
97            android:directBootAware="true"
97-->[com.google.mlkit:common:18.11.0] AndroidManifest.xml:17:13-43
98            android:exported="false" >
98-->[com.google.mlkit:image-labeling:17.0.9] AndroidManifest.xml:10:13-37
99            <meta-data
99-->[com.google.mlkit:image-labeling:17.0.9] AndroidManifest.xml:11:13-13:85
100                android:name="com.google.firebase.components:com.google.mlkit.vision.label.defaults.internal.BundledLabelRegistrar"
100-->[com.google.mlkit:image-labeling:17.0.9] AndroidManifest.xml:12:17-132
101                android:value="com.google.firebase.components.ComponentRegistrar" />
101-->[com.google.mlkit:image-labeling:17.0.9] AndroidManifest.xml:13:17-82
102            <meta-data
102-->[com.google.mlkit:vision-internal-vkp:18.2.3] AndroidManifest.xml:14:13-16:85
103                android:name="com.google.firebase.components:com.google.mlkit.vision.vkp.VkpRegistrar"
103-->[com.google.mlkit:vision-internal-vkp:18.2.3] AndroidManifest.xml:15:17-103
104                android:value="com.google.firebase.components.ComponentRegistrar" />
104-->[com.google.mlkit:vision-internal-vkp:18.2.3] AndroidManifest.xml:16:17-82
105            <meta-data
105-->[com.google.android.gms:play-services-mlkit-barcode-scanning:18.3.0] AndroidManifest.xml:12:13-14:85
106                android:name="com.google.firebase.components:com.google.mlkit.vision.barcode.internal.BarcodeRegistrar"
106-->[com.google.android.gms:play-services-mlkit-barcode-scanning:18.3.0] AndroidManifest.xml:13:17-120
107                android:value="com.google.firebase.components.ComponentRegistrar" />
107-->[com.google.android.gms:play-services-mlkit-barcode-scanning:18.3.0] AndroidManifest.xml:14:17-82
108            <meta-data
108-->[com.google.mlkit:vision-common:17.3.0] AndroidManifest.xml:12:13-14:85
109                android:name="com.google.firebase.components:com.google.mlkit.vision.common.internal.VisionCommonRegistrar"
109-->[com.google.mlkit:vision-common:17.3.0] AndroidManifest.xml:13:17-124
110                android:value="com.google.firebase.components.ComponentRegistrar" />
110-->[com.google.mlkit:vision-common:17.3.0] AndroidManifest.xml:14:17-82
111            <meta-data
111-->[com.google.mlkit:common:18.11.0] AndroidManifest.xml:20:13-22:85
112                android:name="com.google.firebase.components:com.google.mlkit.common.internal.CommonComponentRegistrar"
112-->[com.google.mlkit:common:18.11.0] AndroidManifest.xml:21:17-120
113                android:value="com.google.firebase.components.ComponentRegistrar" />
113-->[com.google.mlkit:common:18.11.0] AndroidManifest.xml:22:17-82
114        </service>
115
116        <provider
116-->[com.google.mlkit:common:18.11.0] AndroidManifest.xml:9:9-13:38
117            android:name="com.google.mlkit.common.internal.MlKitInitProvider"
117-->[com.google.mlkit:common:18.11.0] AndroidManifest.xml:10:13-78
118            android:authorities="com.coooldoggy.catasmr.mlkitinitprovider"
118-->[com.google.mlkit:common:18.11.0] AndroidManifest.xml:11:13-69
119            android:exported="false"
119-->[com.google.mlkit:common:18.11.0] AndroidManifest.xml:12:13-37
120            android:initOrder="99" />
120-->[com.google.mlkit:common:18.11.0] AndroidManifest.xml:13:13-35
121
122        <service
122-->[com.google.firebase:firebase-database-ktx:21.0.0] AndroidManifest.xml:9:9-15:19
123            android:name="com.google.firebase.components.ComponentDiscoveryService"
123-->[com.google.firebase:firebase-database-ktx:21.0.0] AndroidManifest.xml:10:13-84
124            android:directBootAware="true"
124-->[com.google.firebase:firebase-common:21.0.0] AndroidManifest.xml:32:13-43
125            android:exported="false" >
125-->[com.google.firebase:firebase-database-ktx:21.0.0] AndroidManifest.xml:11:13-37
126            <meta-data
126-->[com.google.firebase:firebase-database-ktx:21.0.0] AndroidManifest.xml:12:13-14:85
127                android:name="com.google.firebase.components:com.google.firebase.database.ktx.FirebaseDatabaseLegacyRegistrar"
127-->[com.google.firebase:firebase-database-ktx:21.0.0] AndroidManifest.xml:13:17-127
128                android:value="com.google.firebase.components.ComponentRegistrar" />
128-->[com.google.firebase:firebase-database-ktx:21.0.0] AndroidManifest.xml:14:17-82
129            <meta-data
129-->[com.google.firebase:firebase-database:21.0.0] AndroidManifest.xml:29:13-31:85
130                android:name="com.google.firebase.components:com.google.firebase.database.FirebaseDatabaseKtxRegistrar"
130-->[com.google.firebase:firebase-database:21.0.0] AndroidManifest.xml:30:17-120
131                android:value="com.google.firebase.components.ComponentRegistrar" />
131-->[com.google.firebase:firebase-database:21.0.0] AndroidManifest.xml:31:17-82
132            <meta-data
132-->[com.google.firebase:firebase-database:21.0.0] AndroidManifest.xml:32:13-34:85
133                android:name="com.google.firebase.components:com.google.firebase.database.DatabaseRegistrar"
133-->[com.google.firebase:firebase-database:21.0.0] AndroidManifest.xml:33:17-109
134                android:value="com.google.firebase.components.ComponentRegistrar" />
134-->[com.google.firebase:firebase-database:21.0.0] AndroidManifest.xml:34:17-82
135            <meta-data
135-->[com.google.firebase:firebase-crashlytics-ktx:19.0.2] AndroidManifest.xml:24:13-26:85
136                android:name="com.google.firebase.components:com.google.firebase.crashlytics.ktx.FirebaseCrashlyticsKtxRegistrar"
136-->[com.google.firebase:firebase-crashlytics-ktx:19.0.2] AndroidManifest.xml:25:17-130
137                android:value="com.google.firebase.components.ComponentRegistrar" />
137-->[com.google.firebase:firebase-crashlytics-ktx:19.0.2] AndroidManifest.xml:26:17-82
138            <meta-data
138-->[com.google.firebase:firebase-crashlytics:19.0.2] AndroidManifest.xml:15:13-17:85
139                android:name="com.google.firebase.components:com.google.firebase.crashlytics.FirebaseCrashlyticsKtxRegistrar"
139-->[com.google.firebase:firebase-crashlytics:19.0.2] AndroidManifest.xml:16:17-126
140                android:value="com.google.firebase.components.ComponentRegistrar" />
140-->[com.google.firebase:firebase-crashlytics:19.0.2] AndroidManifest.xml:17:17-82
141            <meta-data
141-->[com.google.firebase:firebase-crashlytics:19.0.2] AndroidManifest.xml:18:13-20:85
142                android:name="com.google.firebase.components:com.google.firebase.crashlytics.CrashlyticsRegistrar"
142-->[com.google.firebase:firebase-crashlytics:19.0.2] AndroidManifest.xml:19:17-115
143                android:value="com.google.firebase.components.ComponentRegistrar" />
143-->[com.google.firebase:firebase-crashlytics:19.0.2] AndroidManifest.xml:20:17-82
144            <meta-data
144-->[com.google.firebase:firebase-sessions:2.0.2] AndroidManifest.xml:29:13-31:85
145                android:name="com.google.firebase.components:com.google.firebase.sessions.FirebaseSessionsRegistrar"
145-->[com.google.firebase:firebase-sessions:2.0.2] AndroidManifest.xml:30:17-117
146                android:value="com.google.firebase.components.ComponentRegistrar" />
146-->[com.google.firebase:firebase-sessions:2.0.2] AndroidManifest.xml:31:17-82
147            <meta-data
147-->[com.google.firebase:firebase-installations:18.0.0] AndroidManifest.xml:15:13-17:85
148                android:name="com.google.firebase.components:com.google.firebase.installations.FirebaseInstallationsKtxRegistrar"
148-->[com.google.firebase:firebase-installations:18.0.0] AndroidManifest.xml:16:17-130
149                android:value="com.google.firebase.components.ComponentRegistrar" />
149-->[com.google.firebase:firebase-installations:18.0.0] AndroidManifest.xml:17:17-82
150            <meta-data
150-->[com.google.firebase:firebase-installations:18.0.0] AndroidManifest.xml:18:13-20:85
151                android:name="com.google.firebase.components:com.google.firebase.installations.FirebaseInstallationsRegistrar"
151-->[com.google.firebase:firebase-installations:18.0.0] AndroidManifest.xml:19:17-127
152                android:value="com.google.firebase.components.ComponentRegistrar" />
152-->[com.google.firebase:firebase-installations:18.0.0] AndroidManifest.xml:20:17-82
153            <meta-data
153-->[com.google.firebase:firebase-common-ktx:21.0.0] AndroidManifest.xml:12:13-14:85
154                android:name="com.google.firebase.components:com.google.firebase.ktx.FirebaseCommonLegacyRegistrar"
154-->[com.google.firebase:firebase-common-ktx:21.0.0] AndroidManifest.xml:13:17-116
155                android:value="com.google.firebase.components.ComponentRegistrar" />
155-->[com.google.firebase:firebase-common-ktx:21.0.0] AndroidManifest.xml:14:17-82
156            <meta-data
156-->[com.google.firebase:firebase-common:21.0.0] AndroidManifest.xml:35:13-37:85
157                android:name="com.google.firebase.components:com.google.firebase.FirebaseCommonKtxRegistrar"
157-->[com.google.firebase:firebase-common:21.0.0] AndroidManifest.xml:36:17-109
158                android:value="com.google.firebase.components.ComponentRegistrar" />
158-->[com.google.firebase:firebase-common:21.0.0] AndroidManifest.xml:37:17-82
159            <meta-data
159-->[com.google.firebase:firebase-datatransport:18.1.8] AndroidManifest.xml:27:13-29:85
160                android:name="com.google.firebase.components:com.google.firebase.datatransport.TransportRegistrar"
160-->[com.google.firebase:firebase-datatransport:18.1.8] AndroidManifest.xml:28:17-115
161                android:value="com.google.firebase.components.ComponentRegistrar" />
161-->[com.google.firebase:firebase-datatransport:18.1.8] AndroidManifest.xml:29:17-82
162        </service>
163
164        <activity
164-->[com.google.android.gms:play-services-base:18.5.0] AndroidManifest.xml:5:9-173
165            android:name="com.google.android.gms.common.api.GoogleApiActivity"
165-->[com.google.android.gms:play-services-base:18.5.0] AndroidManifest.xml:5:19-85
166            android:exported="false"
166-->[com.google.android.gms:play-services-base:18.5.0] AndroidManifest.xml:5:146-170
167            android:theme="@android:style/Theme.Translucent.NoTitleBar" />
167-->[com.google.android.gms:play-services-base:18.5.0] AndroidManifest.xml:5:86-145
168
169        <service
169-->[androidx.camera:camera-camera2:1.4.1] AndroidManifest.xml:24:9-33:19
170            android:name="androidx.camera.core.impl.MetadataHolderService"
170-->[androidx.camera:camera-camera2:1.4.1] AndroidManifest.xml:25:13-75
171            android:enabled="false"
171-->[androidx.camera:camera-camera2:1.4.1] AndroidManifest.xml:26:13-36
172            android:exported="false" >
172-->[androidx.camera:camera-camera2:1.4.1] AndroidManifest.xml:27:13-37
173            <meta-data
173-->[androidx.camera:camera-camera2:1.4.1] AndroidManifest.xml:30:13-32:89
174                android:name="androidx.camera.core.impl.MetadataHolderService.DEFAULT_CONFIG_PROVIDER"
174-->[androidx.camera:camera-camera2:1.4.1] AndroidManifest.xml:31:17-103
175                android:value="androidx.camera.camera2.Camera2Config$DefaultProvider" />
175-->[androidx.camera:camera-camera2:1.4.1] AndroidManifest.xml:32:17-86
176        </service>
177
178        <provider
178-->[androidx.work:work-runtime:2.10.0] AndroidManifest.xml:29:9-37:20
179            android:name="androidx.startup.InitializationProvider"
179-->[androidx.work:work-runtime:2.10.0] AndroidManifest.xml:30:13-67
180            android:authorities="com.coooldoggy.catasmr.androidx-startup"
180-->[androidx.work:work-runtime:2.10.0] AndroidManifest.xml:31:13-68
181            android:exported="false" >
181-->[androidx.work:work-runtime:2.10.0] AndroidManifest.xml:32:13-37
182            <meta-data
182-->[androidx.work:work-runtime:2.10.0] AndroidManifest.xml:34:13-36:52
183                android:name="androidx.work.WorkManagerInitializer"
183-->[androidx.work:work-runtime:2.10.0] AndroidManifest.xml:35:17-68
184                android:value="androidx.startup" />
184-->[androidx.work:work-runtime:2.10.0] AndroidManifest.xml:36:17-49
185            <meta-data
185-->[androidx.emoji2:emoji2:1.4.0] AndroidManifest.xml:29:13-31:52
186                android:name="androidx.emoji2.text.EmojiCompatInitializer"
186-->[androidx.emoji2:emoji2:1.4.0] AndroidManifest.xml:30:17-75
187                android:value="androidx.startup" />
187-->[androidx.emoji2:emoji2:1.4.0] AndroidManifest.xml:31:17-49
188            <meta-data
188-->[androidx.lifecycle:lifecycle-process:2.9.3] AndroidManifest.xml:29:13-31:52
189                android:name="androidx.lifecycle.ProcessLifecycleInitializer"
189-->[androidx.lifecycle:lifecycle-process:2.9.3] AndroidManifest.xml:30:17-78
190                android:value="androidx.startup" />
190-->[androidx.lifecycle:lifecycle-process:2.9.3] AndroidManifest.xml:31:17-49
191            <meta-data
191-->[androidx.profileinstaller:profileinstaller:1.4.0] AndroidManifest.xml:29:13-31:52
192                android:name="androidx.profileinstaller.ProfileInstallerInitializer"
192-->[androidx.profileinstaller:profileinstaller:1.4.0] AndroidManifest.xml:30:17-85
193                android:value="androidx.startup" />
193-->[androidx.profileinstaller:profileinstaller:1.4.0] AndroidManifest.xml:31:17-49
194        </provider>
195
196        <service
196-->[androidx.work:work-runtime:2.10.0] AndroidManifest.xml:39:9-45:35
197            android:name="androidx.work.impl.background.systemalarm.SystemAlarmService"
197-->[androidx.work:work-runtime:2.10.0] AndroidManifest.xml:40:13-88
198            android:directBootAware="false"
198-->[androidx.work:work-runtime:2.10.0] AndroidManifest.xml:41:13-44
199            android:enabled="@bool/enable_system_alarm_service_default"
199-->[androidx.work:work-runtime:2.10.0] AndroidManifest.xml:42:13-72
200            android:exported="false" />
200-->[androidx.work:work-runtime:2.10.0] AndroidManifest.xml:43:13-37
201        <service
201-->[androidx.work:work-runtime:2.10.0] AndroidManifest.xml:46:9-52:35
202            android:name="androidx.work.impl.background.systemjob.SystemJobService"
202-->[androidx.work:work-runtime:2.10.0] AndroidManifest.xml:47:13-84
203            android:directBootAware="false"
203-->[androidx.work:work-runtime:2.10.0] AndroidManifest.xml:48:13-44
204            android:enabled="@bool/enable_system_job_service_default"
204-->[androidx.work:work-runtime:2.10.0] AndroidManifest.xml:49:13-70
205            android:exported="true"
205-->[androidx.work:work-runtime:2.10.0] AndroidManifest.xml:50:13-36
206            android:permission="android.permission.BIND_JOB_SERVICE" />
206-->[androidx.work:work-runtime:2.10.0] AndroidManifest.xml:51:13-69
207        <service
207-->[androidx.work:work-runtime:2.10.0] AndroidManifest.xml:53:9-59:35
208            android:name="androidx.work.impl.foreground.SystemForegroundService"
208-->[androidx.work:work-runtime:2.10.0] AndroidManifest.xml:54:13-81
209            android:directBootAware="false"
209-->[androidx.work:work-runtime:2.10.0] AndroidManifest.xml:55:13-44
210            android:enabled="@bool/enable_system_foreground_service_default"
210-->[androidx.work:work-runtime:2.10.0] AndroidManifest.xml:56:13-77
211            android:exported="false" />
211-->[androidx.work:work-runtime:2.10.0] AndroidManifest.xml:57:13-37
212
213        <receiver
213-->[androidx.work:work-runtime:2.10.0] AndroidManifest.xml:61:9-66:35
214            android:name="androidx.work.impl.utils.ForceStopRunnable$BroadcastReceiver"
214-->[androidx.work:work-runtime:2.10.0] AndroidManifest.xml:62:13-88
215            android:directBootAware="false"
215-->[androidx.work:work-runtime:2.10.0] AndroidManifest.xml:63:13-44
216            android:enabled="true"
216-->[androidx.work:work-runtime:2.10.0] AndroidManifest.xml:64:13-35
217            android:exported="false" />
217-->[androidx.work:work-runtime:2.10.0] AndroidManifest.xml:65:13-37
218        <receiver
218-->[androidx.work:work-runtime:2.10.0] AndroidManifest.xml:67:9-77:20
219            android:name="androidx.work.impl.background.systemalarm.ConstraintProxy$BatteryChargingProxy"
219-->[androidx.work:work-runtime:2.10.0] AndroidManifest.xml:68:13-106
220            android:directBootAware="false"
220-->[androidx.work:work-runtime:2.10.0] AndroidManifest.xml:69:13-44
221            android:enabled="false"
221-->[androidx.work:work-runtime:2.10.0] AndroidManifest.xml:70:13-36
222            android:exported="false" >
222-->[androidx.work:work-runtime:2.10.0] AndroidManifest.xml:71:13-37
223            <intent-filter>
223-->[androidx.work:work-runtime:2.10.0] AndroidManifest.xml:73:13-76:29
224                <action android:name="android.intent.action.ACTION_POWER_CONNECTED" />
224-->[androidx.work:work-runtime:2.10.0] AndroidManifest.xml:74:17-87
224-->[androidx.work:work-runtime:2.10.0] AndroidManifest.xml:74:25-84
225                <action android:name="android.intent.action.ACTION_POWER_DISCONNECTED" />
225-->[androidx.work:work-runtime:2.10.0] AndroidManifest.xml:75:17-90
225-->[androidx.work:work-runtime:2.10.0] AndroidManifest.xml:75:25-87
226            </intent-filter>
227        </receiver>
228        <receiver
228-->[androidx.work:work-runtime:2.10.0] AndroidManifest.xml:78:9-88:20
229            android:name="androidx.work.impl.background.systemalarm.ConstraintProxy$BatteryNotLowProxy"
229-->[androidx.work:work-runtime:2.10.0] AndroidManifest.xml:79:13-104
230            android:directBootAware="false"
230-->[androidx.work:work-runtime:2.10.0] AndroidManifest.xml:80:13-44
231            android:enabled="false"
231-->[androidx.work:work-runtime:2.10.0] AndroidManifest.xml:81:13-36
232            android:exported="false" >
232-->[androidx.work:work-runtime:2.10.0] AndroidManifest.xml:82:13-37
233            <intent-filter>
233-->[androidx.work:work-runtime:2.10.0] AndroidManifest.xml:84:13-87:29
234                <action android:name="android.intent.action.BATTERY_OKAY" />
234-->[androidx.work:work-runtime:2.10.0] AndroidManifest.xml:85:17-77
234-->[androidx.work:work-runtime:2.10.0] AndroidManifest.xml:85:25-74
235                <action android:name="android.intent.action.BATTERY_LOW" />
235-->[androidx.work:work-runtime:2.10.0] AndroidManifest.xml:86:17-76
235-->[androidx.work:work-runtime:2.10.0] AndroidManifest.xml:86:25-73
236            </intent-filter>
237        </receiver>
238        <receiver
238-->[androidx.work:work-runtime:2.10.0] AndroidManifest.xml:89:9-99:20
239            android:name="androidx.work.impl.background.systemalarm.ConstraintProxy$StorageNotLowProxy"
239-->[androidx.work:work-runtime:2.10.0] AndroidManifest.xml:90:13-104
240            android:directBootAware="false"
240-->[androidx.work:work-runtime:2.10.0] AndroidManifest.xml:91:13-44
241            android:enabled="false"
241-->[androidx.work:work-runtime:2.10.0] AndroidManifest.xml:92:13-36
242            android:exported="false" >
242-->[androidx.work:work-runtime:2.10.0] AndroidManifest.xml:93:13-37
243            <intent-filter>
243-->[androidx.work:work-runtime:2.10.0] AndroidManifest.xml:95:13-98:29
244                <action android:name="android.intent.action.DEVICE_STORAGE_LOW" />
244-->[androidx.work:work-runtime:2.10.0] AndroidManifest.xml:96:17-83
244-->[androidx.work:work-runtime:2.10.0] AndroidManifest.xml:96:25-80
245                <action android:name="android.intent.action.DEVICE_STORAGE_OK" />
245-->[androidx.work:work-runtime:2.10.0] AndroidManifest.xml:97:17-82
245-->[androidx.work:work-runtime:2.10.0] AndroidManifest.xml:97:25-79
246            </intent-filter>
247        </receiver>
248        <receiver
248-->[androidx.work:work-runtime:2.10.0] AndroidManifest.xml:100:9-109:20
249            android:name="androidx.work.impl.background.systemalarm.ConstraintProxy$NetworkStateProxy"
249-->[androidx.work:work-runtime:2.10.0] AndroidManifest.xml:101:13-103
250            android:directBootAware="false"
250-->[androidx.work:work-runtime:2.10.0] AndroidManifest.xml:102:13-44
251            android:enabled="false"
251-->[androidx.work:work-runtime:2.10.0] AndroidManifest.xml:103:13-36
252            android:exported="false" >
252-->[androidx.work:work-runtime:2.10.0] AndroidManifest.xml:104:13-37
253            <intent-filter>
253-->[androidx.work:work-runtime:2.10.0] AndroidManifest.xml:106:13-108:29
254                <action android:name="android.net.conn.CONNECTIVITY_CHANGE" />
254-->[androidx.work:work-runtime:2.10.0] AndroidManifest.xml:107:17-79
254-->[androidx.work:work-runtime:2.10.0] AndroidManifest.xml:107:25-76
255            </intent-filter>
256        </receiver>
257        <receiver
257-->[androidx.work:work-runtime:2.10.0] AndroidManifest.xml:110:9-121:20
258            android:name="androidx.work.impl.background.systemalarm.RescheduleReceiver"
258-->[androidx.work:work-runtime:2.10.0] AndroidManifest.xml:111:13-88
259            android:directBootAware="false"
259-->[androidx.work:work-runtime:2.10.0] AndroidManifest.xml:112:13-44
260            android:enabled="false"
260-->[androidx.work:work-runtime:2.10.0] AndroidManifest.xml:113:13-36
261            android:exported="false" >